d:\visual\pro\lab1\debug\vc142.pdb
d:\visual\pro\lab1\debug\vc142.idb
d:\visual\pro\lab1\debug\lab1.obj
d:\visual\pro\lab1\debug\ex2.obj
d:\visual\pro\lab1\debug\lab1.exe
d:\visual\pro\lab1\debug\lab1.ilk
d:\visual\pro\lab1\debug\lab1.pdb
c:\users\user\desktop\lab1\debug\ex2.obj
c:\users\user\desktop\lab1\debug\lab1.obj
c:\users\user\desktop\lab1\debug\lab1.ilk
c:\users\user\desktop\lab1\debug\vc142.idb
c:\users\user\desktop\lab1\debug\lab1.pdb
c:\users\user\desktop\lab1\debug\vc142.pdb
c:\users\user\desktop\lab1\debug\lab1.exe
c:\users\user\desktop\lab1\debug\lab1.tlog\cl.command.1.tlog
c:\users\user\desktop\lab1\debug\lab1.tlog\cl.read.1.tlog
c:\users\user\desktop\lab1\debug\lab1.tlog\cl.write.1.tlog
c:\users\user\desktop\lab1\debug\lab1.tlog\link.command.1.tlog
c:\users\user\desktop\lab1\debug\lab1.tlog\link.read.1.tlog
c:\users\user\desktop\lab1\debug\lab1.tlog\link.write.1.tlog
